  [1m[35m (0.2ms)[0m  [1m[34mSELECT sqlite_version(*)[0m
  ↳ bin/rails:4
  [1m[35m (9.0ms)[0m  [1m[35mCREATE TABLE "schema_migrations" ("version" varchar NOT NULL PRIMARY KEY)[0m
  ↳ bin/rails:4
  [1m[35m (6.2ms)[0m  [1m[35mCREATE TABLE "ar_internal_metadata" ("key" varchar NOT NULL PRIMARY KEY, "value" varchar, "created_at" datetime NOT NULL, "updated_at" datetime NOT NULL)[0m
  ↳ bin/rails:4
  [1m[35m (0.8ms)[0m  [1m[34mSELECT "schema_migrations"."version" FROM "schema_migrations" ORDER BY "schema_migrations"."version" ASC[0m
  ↳ bin/rails:4
Migrating to CreateActiveStorageTables (20190321143527)
  [1m[35m (0.2ms)[0m  [1m[36mbegin transaction[0m
  ↳ bin/rails:4
  [1m[35m (0.7ms)[0m  [1m[35mCREATE TABLE "active_storage_blobs" ("id" integer PRIMARY KEY AUTOINCREMENT NOT NULL, "key" varchar NOT NULL, "filename" varchar NOT NULL, "content_type" varchar, "metadata" text, "byte_size" bigint NOT NULL, "checksum" varchar NOT NULL, "created_at" datetime NOT NULL)[0m
  ↳ db/migrate/20190321143527_create_active_storage_tables.active_storage.rb:4
  [1m[35m (0.5ms)[0m  [1m[35mCREATE UNIQUE INDEX "index_active_storage_blobs_on_key" ON "active_storage_blobs" ("key")[0m
  ↳ db/migrate/20190321143527_create_active_storage_tables.active_storage.rb:4
  [1m[35m (0.5ms)[0m  [1m[35mCREATE TABLE "active_storage_attachments" ("id" integer PRIMARY KEY AUTOINCREMENT NOT NULL, "name" varchar NOT NULL, "record_type" varchar NOT NULL, "record_id" integer NOT NULL, "blob_id" integer NOT NULL, "created_at" datetime NOT NULL, CONSTRAINT "fk_rails_c3b3935057"
FOREIGN KEY ("blob_id")
  REFERENCES "active_storage_blobs" ("id")
)[0m
  ↳ db/migrate/20190321143527_create_active_storage_tables.active_storage.rb:16
  [1m[35m (0.4ms)[0m  [1m[35mCREATE  INDEX "index_active_storage_attachments_on_blob_id" ON "active_storage_attachments" ("blob_id")[0m
  ↳ db/migrate/20190321143527_create_active_storage_tables.active_storage.rb:16
  [1m[35m (0.3ms)[0m  [1m[35mCREATE UNIQUE INDEX "index_active_storage_attachments_uniqueness" ON "active_storage_attachments" ("record_type", "record_id", "name", "blob_id")[0m
  ↳ db/migrate/20190321143527_create_active_storage_tables.active_storage.rb:16
  [1m[36mActiveRecord::SchemaMigration Create (0.4ms)[0m  [1m[32mINSERT INTO "schema_migrations" ("version") VALUES (?)[0m  [["version", "20190321143527"]]
  ↳ bin/rails:4
  [1m[35m (6.5ms)[0m  [1m[36mcommit transaction[0m
  ↳ bin/rails:4
Migrating to CreateUsers (20190321143559)
  [1m[35m (0.2ms)[0m  [1m[36mbegin transaction[0m
  ↳ bin/rails:4
  [1m[35m (1.7ms)[0m  [1m[35mCREATE TABLE "users" ("id" integer PRIMARY KEY AUTOINCREMENT NOT NULL, "email" varchar, "created_at" datetime NOT NULL, "updated_at" datetime NOT NULL)[0m
  ↳ db/migrate/20190321143559_create_users.rb:3
  [1m[36mActiveRecord::SchemaMigration Create (0.9ms)[0m  [1m[32mINSERT INTO "schema_migrations" ("version") VALUES (?)[0m  [["version", "20190321143559"]]
  ↳ bin/rails:4
  [1m[35m (5.6ms)[0m  [1m[36mcommit transaction[0m
  ↳ bin/rails:4
Migrating to CreateCmorBlogPosts (20190321143615)
  [1m[35m (0.1ms)[0m  [1m[36mbegin transaction[0m
  ↳ bin/rails:4
  [1m[35m (0.9ms)[0m  [1m[35mCREATE TABLE "cmor_blog_posts" ("id" integer PRIMARY KEY AUTOINCREMENT NOT NULL, "title" varchar, "body" text, "published_at" datetime, "created_by_id" integer, "updated_by_id" integer, "slug" varchar, "created_at" datetime NOT NULL, "updated_at" datetime NOT NULL)[0m
  ↳ db/migrate/20190321143615_create_cmor_blog_posts.cmor_blog.rb:4
  [1m[35m (0.3ms)[0m  [1m[35mCREATE UNIQUE INDEX "index_cmor_blog_posts_on_slug" ON "cmor_blog_posts" ("slug")[0m
  ↳ db/migrate/20190321143615_create_cmor_blog_posts.cmor_blog.rb:4
  [1m[36mActiveRecord::SchemaMigration Create (0.5ms)[0m  [1m[32mINSERT INTO "schema_migrations" ("version") VALUES (?)[0m  [["version", "20190321143615"]]
  ↳ bin/rails:4
  [1m[35m (26.3ms)[0m  [1m[36mcommit transaction[0m
  ↳ bin/rails:4
Migrating to CreateCmorBlogAssetDetails (20190321143616)
  [1m[35m (0.1ms)[0m  [1m[36mbegin transaction[0m
  ↳ bin/rails:4
  [1m[35m (0.7ms)[0m  [1m[35mCREATE TABLE "cmor_blog_asset_details" ("id" integer PRIMARY KEY AUTOINCREMENT NOT NULL, "post_id" integer, "asset_id" integer, "title" varchar, "description" text, "position" integer, "published_at" datetime, "created_at" datetime NOT NULL, "updated_at" datetime NOT NULL)[0m
  ↳ db/migrate/20190321143616_create_cmor_blog_asset_details.cmor_blog.rb:4
  [1m[35m (0.4ms)[0m  [1m[35mCREATE  INDEX "index_cmor_blog_asset_details_on_post_id" ON "cmor_blog_asset_details" ("post_id")[0m
  ↳ db/migrate/20190321143616_create_cmor_blog_asset_details.cmor_blog.rb:4
  [1m[35m (0.5ms)[0m  [1m[35mCREATE  INDEX "index_cmor_blog_asset_details_on_asset_id" ON "cmor_blog_asset_details" ("asset_id")[0m
  ↳ db/migrate/20190321143616_create_cmor_blog_asset_details.cmor_blog.rb:4
  [1m[36mActiveRecord::SchemaMigration Create (1.5ms)[0m  [1m[32mINSERT INTO "schema_migrations" ("version") VALUES (?)[0m  [["version", "20190321143616"]]
  ↳ bin/rails:4
  [1m[35m (45.9ms)[0m  [1m[36mcommit transaction[0m
  ↳ bin/rails:4
Migrating to AddPositionToCmorBlogPosts (20190321143617)
  [1m[35m (0.2ms)[0m  [1m[36mbegin transaction[0m
  ↳ bin/rails:4
  [1m[35m (1.4ms)[0m  [1m[35mALTER TABLE "cmor_blog_posts" ADD "position" integer[0m
  ↳ db/migrate/20190321143617_add_position_to_cmor_blog_posts.cmor_blog.rb:4
  [1m[36mActiveRecord::SchemaMigration Create (1.2ms)[0m  [1m[32mINSERT INTO "schema_migrations" ("version") VALUES (?)[0m  [["version", "20190321143617"]]
  ↳ bin/rails:4
  [1m[35m (22.6ms)[0m  [1m[36mcommit transaction[0m
  ↳ bin/rails:4
  [1m[36mActiveRecord::InternalMetadata Load (0.3ms)[0m  [1m[34mSELECT  "ar_internal_metadata".* FROM "ar_internal_metadata" WHERE "ar_internal_metadata"."key" = ? LIMIT ?[0m  [["key", "environment"], ["LIMIT", 1]]
  ↳ bin/rails:4
  [1m[35m (0.5ms)[0m  [1m[36mbegin transaction[0m
  ↳ bin/rails:4
  [1m[36mActiveRecord::InternalMetadata Create (2.3ms)[0m  [1m[32mINSERT INTO "ar_internal_metadata" ("key", "value", "created_at", "updated_at") VALUES (?, ?, ?, ?)[0m  [["key", "environment"], ["value", "development"], ["created_at", "2019-03-21 14:36:15.484947"], ["updated_at", "2019-03-21 14:36:15.484947"]]
  ↳ bin/rails:4
  [1m[35m (16.9ms)[0m  [1m[36mcommit transaction[0m
  ↳ bin/rails:4
  [1m[35m (0.5ms)[0m  [1m[34mSELECT "schema_migrations"."version" FROM "schema_migrations" ORDER BY "schema_migrations"."version" ASC[0m
  ↳ bin/rails:4
  [1m[35m (0.4ms)[0m  [1m[34mSELECT "schema_migrations"."version" FROM "schema_migrations" ORDER BY "schema_migrations"."version" ASC[0m
  ↳ bin/rails:4
  [1m[35m (0.7ms)[0m  [1m[34mSELECT "ar_internal_metadata"."value" FROM "ar_internal_metadata" WHERE "ar_internal_metadata"."key" = ?[0m  [["key", "environment"]]
  ↳ bin/rails:4
  [1m[35m (0.3ms)[0m  [1m[34mSELECT "schema_migrations"."version" FROM "schema_migrations" ORDER BY "schema_migrations"."version" ASC[0m
  ↳ bin/rails:4
  [1m[35m (0.1ms)[0m  [1m[34mSELECT "ar_internal_metadata"."value" FROM "ar_internal_metadata" WHERE "ar_internal_metadata"."key" = ?[0m  [["key", "environment"]]
  ↳ bin/rails:4
  [1m[35m (0.1ms)[0m  [1m[34mSELECT "schema_migrations"."version" FROM "schema_migrations" ORDER BY "schema_migrations"."version" ASC[0m
  ↳ bin/rails:4
  [1m[35m (0.1ms)[0m  [1m[34mSELECT "ar_internal_metadata"."value" FROM "ar_internal_metadata" WHERE "ar_internal_metadata"."key" = ?[0m  [["key", "environment"]]
  ↳ bin/rails:4
  [1m[35m (0.1ms)[0m  [1m[35mDROP TABLE IF EXISTS "active_storage_attachments"[0m
  ↳ db/schema.rb:15
  [1m[35m (0.1ms)[0m  [1m[34mSELECT sqlite_version(*)[0m
  ↳ db/schema.rb:15
  [1m[35m (3.5ms)[0m  [1m[35mCREATE TABLE "active_storage_attachments" ("id" integer PRIMARY KEY AUTOINCREMENT NOT NULL, "name" varchar NOT NULL, "record_type" varchar NOT NULL, "record_id" integer NOT NULL, "blob_id" integer NOT NULL, "created_at" datetime NOT NULL)[0m
  ↳ db/schema.rb:15
  [1m[35m (3.4ms)[0m  [1m[35mCREATE  INDEX "index_active_storage_attachments_on_blob_id" ON "active_storage_attachments" ("blob_id")[0m
  ↳ db/schema.rb:15
  [1m[35m (8.4ms)[0m  [1m[35mCREATE UNIQUE INDEX "index_active_storage_attachments_uniqueness" ON "active_storage_attachments" ("record_type", "record_id", "name", "blob_id")[0m
  ↳ db/schema.rb:15
  [1m[35m (0.4ms)[0m  [1m[35mDROP TABLE IF EXISTS "active_storage_blobs"[0m
  ↳ db/schema.rb:25
  [1m[35m (5.8ms)[0m  [1m[35mCREATE TABLE "active_storage_blobs" ("id" integer PRIMARY KEY AUTOINCREMENT NOT NULL, "key" varchar NOT NULL, "filename" varchar NOT NULL, "content_type" varchar, "metadata" text, "byte_size" bigint NOT NULL, "checksum" varchar NOT NULL, "created_at" datetime NOT NULL)[0m
  ↳ db/schema.rb:25
  [1m[35m (5.1ms)[0m  [1m[35mCREATE UNIQUE INDEX "index_active_storage_blobs_on_key" ON "active_storage_blobs" ("key")[0m
  ↳ db/schema.rb:25
  [1m[35m (0.3ms)[0m  [1m[35mDROP TABLE IF EXISTS "cmor_blog_asset_details"[0m
  ↳ db/schema.rb:36
  [1m[35m (4.0ms)[0m  [1m[35mCREATE TABLE "cmor_blog_asset_details" ("id" integer PRIMARY KEY AUTOINCREMENT NOT NULL, "post_id" integer, "asset_id" integer, "title" varchar, "description" text, "position" integer, "published_at" datetime, "created_at" datetime NOT NULL, "updated_at" datetime NOT NULL)[0m
  ↳ db/schema.rb:36
  [1m[35m (4.4ms)[0m  [1m[35mCREATE  INDEX "index_cmor_blog_asset_details_on_asset_id" ON "cmor_blog_asset_details" ("asset_id")[0m
  ↳ db/schema.rb:36
  [1m[35m (3.7ms)[0m  [1m[35mCREATE  INDEX "index_cmor_blog_asset_details_on_post_id" ON "cmor_blog_asset_details" ("post_id")[0m
  ↳ db/schema.rb:36
  [1m[35m (0.2ms)[0m  [1m[35mDROP TABLE IF EXISTS "cmor_blog_posts"[0m
  ↳ db/schema.rb:49
  [1m[35m (4.3ms)[0m  [1m[35mCREATE TABLE "cmor_blog_posts" ("id" integer PRIMARY KEY AUTOINCREMENT NOT NULL, "title" varchar, "body" text, "published_at" datetime, "created_by_id" integer, "updated_by_id" integer, "slug" varchar, "created_at" datetime NOT NULL, "updated_at" datetime NOT NULL, "position" integer)[0m
  ↳ db/schema.rb:49
  [1m[35m (3.8ms)[0m  [1m[35mCREATE UNIQUE INDEX "index_cmor_blog_posts_on_slug" ON "cmor_blog_posts" ("slug")[0m
  ↳ db/schema.rb:49
  [1m[35m (0.2ms)[0m  [1m[35mDROP TABLE IF EXISTS "users"[0m
  ↳ db/schema.rb:62
  [1m[35m (4.1ms)[0m  [1m[35mCREATE TABLE "users" ("id" integer PRIMARY KEY AUTOINCREMENT NOT NULL, "email" varchar, "created_at" datetime NOT NULL, "updated_at" datetime NOT NULL)[0m
  ↳ db/schema.rb:62
  [1m[35m (4.6ms)[0m  [1m[35mCREATE TABLE "schema_migrations" ("version" varchar NOT NULL PRIMARY KEY)[0m
  ↳ db/schema.rb:13
  [1m[35m (0.2ms)[0m  [1m[34mSELECT "schema_migrations"."version" FROM "schema_migrations" ORDER BY "schema_migrations"."version" ASC[0m
  ↳ db/schema.rb:13
  [1m[35m (3.8ms)[0m  [1m[32mINSERT INTO "schema_migrations" (version) VALUES (20190321143617)[0m
  ↳ db/schema.rb:13
  [1m[35m (3.3ms)[0m  [1m[32mINSERT INTO "schema_migrations" (version) VALUES
(20190321143616),
(20190321143527),
(20190321143559),
(20190321143615);

[0m
  ↳ db/schema.rb:13
  [1m[35m (3.7ms)[0m  [1m[35mCREATE TABLE "ar_internal_metadata" ("key" varchar NOT NULL PRIMARY KEY, "value" varchar, "created_at" datetime NOT NULL, "updated_at" datetime NOT NULL)[0m
  ↳ db/schema.rb:13
  [1m[36mActiveRecord::InternalMetadata Load (0.4ms)[0m  [1m[34mSELECT  "ar_internal_metadata".* FROM "ar_internal_metadata" WHERE "ar_internal_metadata"."key" = ? LIMIT ?[0m  [["key", "environment"], ["LIMIT", 1]]
  ↳ db/schema.rb:13
  [1m[35m (0.1ms)[0m  [1m[36mbegin transaction[0m
  ↳ db/schema.rb:13
  [1m[36mActiveRecord::InternalMetadata Create (0.4ms)[0m  [1m[32mINSERT INTO "ar_internal_metadata" ("key", "value", "created_at", "updated_at") VALUES (?, ?, ?, ?)[0m  [["key", "environment"], ["value", "development"], ["created_at", "2019-03-21 14:36:15.668648"], ["updated_at", "2019-03-21 14:36:15.668648"]]
  ↳ db/schema.rb:13
  [1m[35m (3.6ms)[0m  [1m[36mcommit transaction[0m
  ↳ db/schema.rb:13
  [1m[36mActiveRecord::InternalMetadata Load (0.2ms)[0m  [1m[34mSELECT  "ar_internal_metadata".* FROM "ar_internal_metadata" WHERE "ar_internal_metadata"."key" = ? LIMIT ?[0m  [["key", "environment"], ["LIMIT", 1]]
  ↳ bin/rails:4
  [1m[35m (0.1ms)[0m  [1m[36mbegin transaction[0m
  ↳ bin/rails:4
  [1m[36mActiveRecord::InternalMetadata Update (0.3ms)[0m  [1m[33mUPDATE "ar_internal_metadata" SET "value" = ?, "updated_at" = ? WHERE "ar_internal_metadata"."key" = ?[0m  [["value", "test"], ["updated_at", "2019-03-21 14:36:15.679408"], ["key", "environment"]]
  ↳ bin/rails:4
  [1m[35m (4.4ms)[0m  [1m[36mcommit transaction[0m
  ↳ bin/rails:4
